2023-06-19 00:02:44 - test_cloud_profess.py  - setup_teardown - 71 - INFO - ==========================================================================================
2023-06-19 00:02:44 - test_cloud_profess.py  - test_001_user_Login - 83 - INFO - 请求地址为：https://gw-test.xiaoyi.com/v4/users/login
2023-06-19 00:02:44 - test_cloud_profess.py  - test_001_user_Login - 86 - INFO - 请求参数为：{'mobile': 13122911886, 'password': 'u2qmeh2rQiDPTzebbqrGJa+wqGEd7kgBg7AshPz5N3k='}
2023-06-19 00:02:45 - test_cloud_profess.py  - test_001_user_Login - 89 - INFO - 响应结果为：{"code":"20000","data":{"userid":14137271,"account":"mobile_8613122911886","name":"小小","mobile":"13122911886","email":"","img":"","userCreatedTime":1622785284000,"token":"29ffa2d256ff9ee08bb31ae5f4875501","token_secret":"266412754d884fadf669309935bbef64","flag":true}}
2023-06-19 00:02:45 - test_cloud_profess.py  - setup_teardown - 73 - INFO - ==========================================================================================
2023-06-19 00:02:45 - test_cloud_profess.py  - setup_teardown - 71 - INFO - ==========================================================================================
2023-06-19 00:02:45 - test_cloud_profess.py  - test_002_user_List - 106 - INFO - 请求地址为：https://gw-test.xiaoyi.com/orderpay/v8/list
2023-06-19 00:02:45 - test_cloud_profess.py  - test_002_user_List - 110 - INFO - 请求参数为：{'seq': 1, 'appPlatform': 'neutral', 'userid': 14137271, 'region': 'CN', 'hmac': 'GXMsxKpXZVx3Aa/IwBFAQ3YTBXI='}
2023-06-19 00:02:46 - test_cloud_profess.py  - test_002_user_List - 113 - INFO - 响应结果为：{"code":20000,"msg":"success","data":{"records":[{"id":11553358,"userId":14137271,"region":"CN","appPlatform":"neutral","appSystem":2,"code":"230614100750433990461","type":1,"payStatus":30,"currency":"CNY","payAmount":1,"originalAmount":200,"saveAmount":199,"payType":14,"createTime":1686708471000,"payTime":1686708513000,"startTime":null,"endTime":null,"description":"1台摄像机,7天滚动录制,移动侦测","serviceCycle":12,"serviceType":0,"serviceLoop":7,"serviceMax":1,"subscribeStatus":20,"isAutoFlag":1,"orderValidTime":600000,"skuId":2201,"freeTrialDays":7,"orderType":1,"skuName":"免费7天试用新价格-88","iccid":null},{"id":6965193,"userId":14137271,"region":"CN","appPlatform":"neutral","appSystem":1,"code":"220620145626437578671","type":10,"payStatus":30,"currency":"CNY","payAmount":400,"originalAmount":400,"saveAmount":0,"payType":23,"createTime":1655708186000,"payTime":1655708191000,"startTime":null,"endTime":null,"description":null,"serviceCycle":4,"serviceType":null,"serviceLoop":null,"serviceMax":null,"subscribeStatus":20,"isAutoFlag":0,"orderValidTime":0,"skuId":0,"freeTrialDays":0,"orderType":1,"skuName":"TT北纬随心+云+报","iccid":"8986112027408679208"},{"id":6965188,"userId":14137271,"region":"CN","appPlatform":"neutral","appSystem":1,"code":"220620145457437543081","type":10,"payStatus":30,"currency":"CNY","payAmount":400,"originalAmount":400,"saveAmount":0,"payType":15,"createTime":1655708098000,"payTime":1655708114000,"startTime":null,"endTime":null,"description":null,"serviceCycle":4,"serviceType":null,"serviceLoop":null,"serviceMax":null,"subscribeStatus":20,"isAutoFlag":0,"orderValidTime":0,"skuId":0,"freeTrialDays":0,"orderType":1,"skuName":"TT北纬随心+云+报","iccid":"8986112027408679208"}],"total":3,"size":10,"current":1,"searchCount":true,"pages":1}}
2023-06-19 00:02:46 - test_cloud_profess.py  - setup_teardown - 73 - INFO - ==========================================================================================
2023-06-19 00:02:46 - test_cloud_profess.py  - setup_teardown - 71 - INFO - ==========================================================================================
2023-06-19 00:02:46 - test_cloud_profess.py  - test_003_cloud_serviceByOrderCode - 129 - INFO - 请求地址为：https://gw-test.xiaoyi.com/vas/v8/cloud/serviceByOrderCode
2023-06-19 00:02:46 - test_cloud_profess.py  - test_003_cloud_serviceByOrderCode - 134 - INFO - 请求参数为：{'seq': 1, 'orderCode': '230614100750433990461', 'userid': 14137271, 'hmac': 'EXs1kn092lbVWqnMXCyzUAPylsc='}
2023-06-19 00:02:46 - test_cloud_profess.py  - test_003_cloud_serviceByOrderCode - 137 - INFO - 响应结果为：{"code":20000,"msg":"success","data":[]}
2023-06-19 00:02:46 - test_cloud_profess.py  - setup_teardown - 73 - INFO - ==========================================================================================
2023-06-19 00:02:46 - test_cloud_profess.py  - setup_teardown - 71 - INFO - ==========================================================================================
2023-06-19 00:02:46 - test_cloud_profess.py  - test_004_cloud_deviceList - 156 - INFO - 请求地址为：https://gw-test.xiaoyi.com/vas/v8/cloud/deviceList
2023-06-19 00:02:46 - test_cloud_profess.py  - test_004_cloud_deviceList - 160 - INFO - 请求参数为：{'seq': 1, 'userid': 14137271, 'hmac': '5JrahzXuDKUEK+I8onYDW2ihTp8='}
2023-06-19 00:02:48 - test_cloud_profess.py  - test_004_cloud_deviceList - 163 - INFO - 响应结果为：{"code":20000,"msg":"success","data":[{"eiName":"看家摄像机","eiNumber":"TNPXGAA-110108-RRUDW","eiInterBy":14137271,"eiModel":null,"eiMac":null,"eiShareFlag":null,"eiMessage":null,"willExpireDays":0,"deviceCloudStatus":{"id":1668802577560563713,"businessOrderCode":"10020230614100834000696105","businessType":1,"businessSubType":0,"orderCode":"230614100750433990461","userId":14137271,"payAmount":1,"productId":1,"skuId":2201,"payStatus":30,"payType":14,"subscribeStatus":20,"serviceStatus":30,"devUid":"TNPXGAA-110108-RRUDW","eiName":null,"productName":"1台摄像机,7天滚动录制,移动侦测","desc":null,"startTime":"1686708513000","endTime":"1687363195000","subtype":7,"deviceMaxCnt":1,"deviceWorkMode":0,"cssFlag":null,"cssMode":null,"sumVideoDuration":null,"todayVideoDuration":null,"sumStorageInBytes":null,"todayStorageInBytes":null,"serviceCycle":12,"orderGrade":0,"appPlatform":"neutral","maxVideoActiveDays":null,"videoFlag":0,"state":1,"deleteFlag":1},"isSevenFreeSku":1}]}
2023-06-19 00:02:48 - test_cloud_profess.py  - setup_teardown - 73 - INFO - ==========================================================================================
2023-06-19 00:02:48 - test_cloud_profess.py  - setup_teardown - 71 - INFO - ==========================================================================================
2023-06-19 00:02:48 - test_cloud_profess.py  - test_005_cloud_deviceStatus - 198 - INFO - 请求地址为：https://gw-test.xiaoyi.com/vas/v8/cloud/deviceStatus
2023-06-19 00:02:48 - test_cloud_profess.py  - test_005_cloud_deviceStatus - 203 - INFO - 请求参数为：{'seq': 1, 'userid': 14137271, 'uid': 'TNPXGAA-110108-RRUDW', 'hmac': 'fW6FWUBc64bBsqH6f+h25PUMp88='}
2023-06-19 00:02:48 - test_cloud_profess.py  - test_005_cloud_deviceStatus - 206 - INFO - 响应结果为：{"code":20000,"msg":"success","data":{"cssFlag":null,"cssMode":null,"alertFlag":0,"vlogFlag":0,"cycleTime":null,"highAlertServer":null,"serviceMaps":null}}
2023-06-19 00:02:48 - test_cloud_profess.py  - setup_teardown - 73 - INFO - ==========================================================================================
2023-06-19 00:02:48 - test_cloud_profess.py  - setup_teardown - 71 - INFO - ==========================================================================================
2023-06-19 00:02:48 - test_cloud_profess.py  - test_006_cloud_service - 218 - INFO - 请求地址为：https://gw-test.xiaoyi.com/vas/v8/cloud/service
2023-06-19 00:02:48 - test_cloud_profess.py  - test_006_cloud_service - 222 - INFO - 请求参数为：{'seq': 1, 'userid': 14137271, 'appPlatform': 'neutral', 'hmac': '5BJ9cuv1glPLNN11k/Iq61p7w5o='}
2023-06-19 00:02:48 - test_cloud_profess.py  - test_006_cloud_service - 225 - INFO - 响应结果为：{"code":20000,"msg":"success","data":[]}
2023-06-19 00:02:48 - test_cloud_profess.py  - setup_teardown - 73 - INFO - ==========================================================================================
2023-06-19 00:02:48 - test_cloud_profess.py  - setup_teardown - 71 - INFO - ==========================================================================================
2023-06-19 00:02:48 - test_cloud_profess.py  - test_007_cloud_status - 237 - INFO - 请求地址为：https://gw-test.xiaoyi.com/vas/v8/cloud/status
2023-06-19 00:02:48 - test_cloud_profess.py  - test_007_cloud_status - 242 - INFO - 请求参数为：{'seq': 1, 'userid': 14137271, 'uid': 'TNPXGAA-110108-RRUDW', 'hmac': 'fW6FWUBc64bBsqH6f+h25PUMp88='}
2023-06-19 00:02:48 - test_cloud_profess.py  - test_007_cloud_status - 245 - INFO - 响应结果为：{"code":20000,"msg":"success","data":{"id":1668802577560563713,"businessOrderCode":"10020230614100834000696105","businessType":1,"businessSubType":0,"orderCode":"230614100750433990461","userId":14137271,"payAmount":1,"productId":1,"skuId":2201,"payStatus":30,"payType":14,"subscribeStatus":20,"serviceStatus":30,"devUid":"TNPXGAA-110108-RRUDW","eiName":null,"productName":"1台摄像机,7天滚动录制,移动侦测","desc":null,"startTime":"1686708513000","endTime":"1687363195000","subtype":7,"deviceMaxCnt":1,"deviceWorkMode":0,"cssFlag":null,"cssMode":null,"sumVideoDuration":null,"todayVideoDuration":null,"sumStorageInBytes":null,"todayStorageInBytes":null,"serviceCycle":12,"orderGrade":0,"appPlatform":"neutral","maxVideoActiveDays":null,"videoFlag":0,"state":1,"deleteFlag":1}}
2023-06-19 00:02:48 - test_cloud_profess.py  - setup_teardown - 73 - INFO - ==========================================================================================
2023-06-19 00:02:48 - test_cloud_profess.py  - setup_teardown - 71 - INFO - ==========================================================================================
2023-06-19 00:02:48 - test_cloud_profess.py  - test_008_cloud_deleteOrderByBusiness - 257 - INFO - 请求地址为：https://gw-test.xiaoyi.com/vas/v8/cloud/deleteOrderByBusinessOrderCode
2023-06-19 00:02:48 - test_cloud_profess.py  - setup_teardown - 73 - INFO - ==========================================================================================
2023-06-19 00:02:48 - test_cloud_profess.py  - setup_teardown - 71 - INFO - ==========================================================================================
2023-06-19 00:02:48 - test_cloud_profess.py  - test_009_cloud_FileInfoController_GetListByRefId - 277 - INFO - 请求地址为：https://gw-test.xiaoyi.com/vas/v8/file/getListByRefId
2023-06-19 00:02:48 - test_cloud_profess.py  - test_009_cloud_FileInfoController_GetListByRefId - 282 - INFO - 请求参数为：{'seq': '1', 'refId': '339', 'serviceType': '1', 'userid': 14137271, 'hmac': 'fjlmKXRpDQ1DJ5vrHpXDbKhVFz4='}
2023-06-19 00:02:49 - test_cloud_profess.py  - test_009_cloud_FileInfoController_GetListByRefId - 285 - INFO - 响应结果为：{"code":20000,"msg":"success","data":[]}
2023-06-19 00:02:49 - test_cloud_profess.py  - setup_teardown - 73 - INFO - ==========================================================================================
2023-06-19 00:02:49 - test_cloud_profess.py  - setup_teardown - 71 - INFO - ==========================================================================================
2023-06-19 00:02:49 - test_cloud_profess.py  - test_010_cloud_FileInfoController_GetUploadAddress - 297 - INFO - 请求地址为：https://gw-test.xiaoyi.com/vas/v8/file/getUploadAddress
2023-06-19 00:02:49 - test_cloud_profess.py  - test_010_cloud_FileInfoController_GetUploadAddress - 301 - INFO - 请求参数为：{'serviceType': '2', 'seq': '1', 'fileType': '1', 'userid': 14137271, 'hmac': 'SEt+zsmI4/AM//J6n72KCY2rbTc='}
2023-06-19 00:02:49 - test_cloud_profess.py  - test_010_cloud_FileInfoController_GetUploadAddress - 304 - INFO - 响应结果为：{"code":20000,"msg":"success","data":{"id":null,"refId":null,"url":"https://xiaoyi-stream.oss-cn-shanghai.aliyuncs.com/faq_ask/14137271/2/1687104169194.jpg?Expires=1687107769&OSSAccessKeyId=LTAI6JpxrdwMteAr&Signature=2yXmsgVKdt6kLwyHYD6OazeeY9A%3D","name":null,"description":null,"duration":null,"contentLength":null,"createTime":null}}
2023-06-19 00:02:49 - test_cloud_profess.py  - setup_teardown - 73 - INFO - ==========================================================================================
2023-06-19 00:02:49 - test_cloud_profess.py  - setup_teardown - 71 - INFO - ==========================================================================================
2023-06-19 00:02:49 - test_cloud_profess.py  - test_011_cloud_images - 316 - INFO - 请求地址为：https://gw-test.xiaoyi.com/vas/v8/cloud/images
2023-06-19 00:02:49 - test_cloud_profess.py  - test_011_cloud_images - 322 - INFO - 请求参数为：{'seq': '1', 'uid': 'TNPXGAA-110108-RRUDW', 'userid': 14137271, 'expire': '1619079946', 'start_time': '1616947200', 'end_time': 1687104169, 'hmac': '0+Kc6aLZOPUrlPkzr0WAVj6WVcw='}
2023-06-19 00:02:49 - test_cloud_profess.py  - test_011_cloud_images - 326 - INFO - 响应结果为：{"code":20000,"msg":"success","data":{"images":[],"method":"AES-128","iv":"0x61616161616161616161616161616161"}}
2023-06-19 00:02:49 - test_cloud_profess.py  - setup_teardown - 73 - INFO - ==========================================================================================
2023-06-19 00:02:49 - test_cloud_profess.py  - setup_teardown - 71 - INFO - ==========================================================================================
2023-06-19 00:02:49 - test_cloud_profess.py  - test_012_cloud_images - 360 - INFO - 请求地址为：https://gw-test.xiaoyi.com/vas/v8/cloud/videos
2023-06-19 00:02:49 - test_cloud_profess.py  - test_012_cloud_images - 366 - INFO - 请求参数为：{'seq': '1', 'uid': 'TNPXGAA-110108-RRUDW', 'userid': 14137271, 'expire': '1619079946', 'start_time': '1616947200', 'end_time': 1687104169, 'hmac': '0+Kc6aLZOPUrlPkzr0WAVj6WVcw='}
2023-06-19 00:02:49 - test_cloud_profess.py  - test_012_cloud_images - 370 - INFO - 响应结果为：{"code":20000,"msg":"success","data":{"viewUrl":"http://gw-test.xiaoyi.com/vas/v6/cloud/index.m3u8?expire=1687107769&code=D736AFEF09EF24C4BB8860149E104FB01B020612A638A309B588282E5A18230C6AA8D1610FEDD15868A15596AA03AFE03FA578C4B1352DC5F9AB122DB286257E5834191FDC788E328E3A2CBBF3DCAA5EDCF66144E7C3B248825992941A6E364D&hmac=g2JQDUFZK2tvcQpgaI%2Fwd4sX6hY%3D","viewUrlImg":"http://gw-test.xiaoyi.com/vas/v6/cloud/index.m3u8?expire=1687107769&code=D736AFEF09EF24C4BB8860149E104FB01B020612A638A309B588282E5A18230C6AA8D1610FEDD15868A15596AA03AFE03FA578C4B1352DC5F9AB122DB286257E5834191FDC788E328E3A2CBBF3DCAA5EDCF66144E7C3B248825992941A6E364D&hmac=g2JQDUFZK2tvcQpgaI%2Fwd4sX6hY%3D&image=1","viewUrlX4":"http://gw-test.xiaoyi.com/vas/v6/cloud/index.m3u8?expire=1687107769&code=D736AFEF09EF24C4BB8860149E104FB00ADEBF7ACD33DD0B43D6908B90C60C746AA8D1610FEDD15868A15596AA03AFE03FA578C4B1352DC5F9AB122DB286257E5834191FDC788E328E3A2CBBF3DCAA5EDCF66144E7C3B248825992941A6E364D&hmac=fmmoFQzqixTCHoQAjNrvnF2dmK8%3D","viewUrlX16":"http://gw-test.xiaoyi.com/vas/v6/cloud/index.m3u8?expire=1687107769&code=D736AFEF09EF24C4BB8860149E104FB03B2066D40A72D563D736DA7907E208EC6AA8D1610FEDD15868A15596AA03AFE03FA578C4B1352DC5F9AB122DB286257E5834191FDC788E328E3A2CBBF3DCAA5EDCF66144E7C3B248825992941A6E364D&hmac=QNfqImoHgT1pLUAFEbFD1oQJ%2BKQ%3D"}}
2023-06-19 00:02:49 - test_cloud_profess.py  - setup_teardown - 73 - INFO - ==========================================================================================
2023-06-19 00:02:49 - test_cloud_profess.py  - setup_teardown - 71 - INFO - ==========================================================================================
2023-06-19 00:02:49 - test_cloud_profess.py  - test_013_get_videos - 385 - INFO - 请求地址为：https://gw-test.xiaoyi.com/vas/v8/cloud/videos/quickview
2023-06-19 00:02:49 - test_cloud_profess.py  - test_013_get_videos - 391 - INFO - 请求参数为：{'seq': '1', 'uid': 'TNPXGAA-110108-RRUDW', 'userid': 14137271, 'start_time': '1616947200', 'end_time': 1687104169, 'hmac': 'sfaveVwb9pB1qKHnPOVbLs7KS3U='}
2023-06-19 00:02:49 - test_cloud_profess.py  - test_013_get_videos - 395 - INFO - 响应结果为：{"code":20000,"msg":"success","data":[]}
2023-06-19 00:02:49 - test_cloud_profess.py  - setup_teardown - 73 - INFO - ==========================================================================================
2023-06-19 00:02:49 - test_cloud_profess.py  - setup_teardown - 71 - INFO - ==========================================================================================
2023-06-19 00:02:49 - test_cloud_profess.py  - test_014_post_videos - 408 - INFO - 请求地址为：https://gw-test.xiaoyi.com/vas/v8/cloud/videos/quickview
2023-06-19 00:02:49 - test_cloud_profess.py  - test_014_post_videos - 414 - INFO - 请求参数为：{'seq': '1', 'uid': 'TNPXGAA-110108-RRUDW', 'userid': 14137271, 'start_time': '1616947200', 'end_time': 1687104169, 'hmac': 'sfaveVwb9pB1qKHnPOVbLs7KS3U='}
2023-06-19 00:02:49 - test_cloud_profess.py  - test_014_post_videos - 418 - INFO - 响应结果为：{"code":20000,"msg":"success","data":[]}
2023-06-19 00:02:49 - test_cloud_profess.py  - setup_teardown - 73 - INFO - ==========================================================================================
2023-06-19 00:02:49 - test_cloud_profess.py  - setup_teardown - 71 - INFO - ==========================================================================================
2023-06-19 00:02:49 - test_cloud_profess.py  - test_015_del_videos - 431 - INFO - 请求地址为：https://gw-test.xiaoyi.com/vas/v8/cloud/videos
2023-06-19 00:02:49 - test_cloud_profess.py  - test_015_del_videos - 438 - INFO - 请求参数为：{'seq': '1', 'uid': 'TNPXGAA-110108-RRUDW', 'userid': 14137271, 'start_time': 1684512169, 'end_time': 1687104169, 'hmac': 'rC3mMHDjDmtGaA/hOsn2yNgiTl8='}
2023-06-19 00:02:50 - test_cloud_profess.py  - test_015_del_videos - 441 - INFO - 响应结果为：{"code":20000,"msg":"success","data":null}
2023-06-19 00:02:50 - test_cloud_profess.py  - setup_teardown - 73 - INFO - ==========================================================================================
2023-06-19 00:02:50 - test_cloud_profess.py  - setup_teardown - 71 - INFO - ==========================================================================================
2023-06-19 00:02:50 - test_cloud_profess.py  - test_016_cloud_ipc - 472 - INFO - 请求地址为：https://gw-test.xiaoyi.com/vas//v4/ipc/css_flag
2023-06-19 00:02:50 - test_cloud_profess.py  - test_016_cloud_ipc - 478 - INFO - 请求参数为：{'hmac': '02A8ydYWO8fdnxL25xfV/2ix37g=', 'seq': '1', 'uid': 'TNPCHNB-879946-MUNSL', 'userid': 14137271, 'timestamp': 1687104170}
2023-06-19 00:02:50 - test_cloud_profess.py  - test_016_cloud_ipc - 483 - INFO - 响应结果为：{"mode":0,"code":20000,"flag":1,"image_flag":1}
2023-06-19 00:02:50 - test_cloud_profess.py  - setup_teardown - 73 - INFO - ==========================================================================================
2023-06-19 00:02:50 - test_cloud_profess.py  - setup_teardown - 71 - INFO - ==========================================================================================
2023-06-19 00:02:50 - test_cloud_profess.py  - test_017_get_cloud - 497 - INFO - 请求地址为：https://gw-test.xiaoyi.com/vas//v8/cloud/css_flag
2023-06-19 00:02:50 - test_cloud_profess.py  - test_017_get_cloud - 503 - INFO - 请求参数为：{'seq': 1, 'uid': 'TNPXGAA-110108-RRUDW', 'timestamp': 1687104170, 'userid': 14137271, 'hmac': 'Lukx6ocG5oxWeMOyvGmjeu2sBo8='}
2023-06-19 00:02:50 - test_cloud_profess.py  - test_017_get_cloud - 508 - INFO - 响应结果为：{"code":20000,"msg":"success","data":{"mode":0,"flag":0,"faceFlag":0}}
2023-06-19 00:02:50 - test_cloud_profess.py  - setup_teardown - 73 - INFO - ==========================================================================================
2023-06-19 00:02:50 - test_cloud_profess.py  - setup_teardown - 71 - INFO - ==========================================================================================
2023-06-19 00:02:50 - test_cloud_profess.py  - test_018_put_cloud - 524 - INFO - 请求地址为：https://gw-test.xiaoyi.com/vas//v8/cloud/css_flag
2023-06-19 00:02:50 - test_cloud_profess.py  - test_018_put_cloud - 529 - INFO - 请求参数为：{'seq': 1, 'uid': 'TNPXGAA-110108-RRUDW', 'userid': 14137271, 'state': '0', 'hmac': 'W0BOacrvAlgtwKPsr8CdxSxhrEg='}
2023-06-19 00:02:50 - test_cloud_profess.py  - test_018_put_cloud - 532 - INFO - 响应结果为：{"code":20000,"msg":"success","data":null}
2023-06-19 00:02:50 - test_cloud_profess.py  - setup_teardown - 73 - INFO - ==========================================================================================
2023-06-19 00:02:50 - test_cloud_profess.py  - setup_teardown - 71 - INFO - ==========================================================================================
2023-06-19 00:02:50 - test_cloud_profess.py  - test_018_put_cloud - 524 - INFO - 请求地址为：https://gw-test.xiaoyi.com/vas//v8/cloud/css_flag
2023-06-19 00:02:50 - test_cloud_profess.py  - test_018_put_cloud - 529 - INFO - 请求参数为：{'seq': 1, 'uid': 'TNPXGAA-110108-RRUDW', 'userid': 14137271, 'state': '0', 'hmac': 'W0BOacrvAlgtwKPsr8CdxSxhrEg='}
2023-06-19 00:02:50 - test_cloud_profess.py  - test_018_put_cloud - 532 - INFO - 响应结果为：{"code":20000,"msg":"success","data":null}
2023-06-19 00:02:50 - test_cloud_profess.py  - setup_teardown - 73 - INFO - ==========================================================================================
